[2026-01-18 13:51:23] === Inbox Processor Started ===
[2026-01-18 13:51:23] Found 1 item(s) to process
[2026-01-18 13:51:23] Processing: test-article.md
[2026-01-18 13:52:04] Completed: test-article.md
[2026-01-18 13:52:04]   Output: Processing complete! I've successfully routed the inbox item to multiple destinations:  **Created 3 outputs:**  1. **knowledge/engineering-leadership-principles.md** - New reference file with the 3 ke...
[2026-01-18 13:52:04] === Inbox Processor Finished ===
[2026-01-18 13:52:35] === Inbox Processor Started ===
[2026-01-18 13:52:35] No items to process
[2026-01-18 13:52:35] === Inbox Processor Started ===
[2026-01-18 13:52:35] No items to process
[2026-01-18 13:54:35] === Inbox Processor Started ===
[2026-01-18 13:54:35] No items to process
[2026-01-18 13:54:35] === Inbox Processor Started ===
[2026-01-18 13:54:35] No items to process
[2026-01-18 13:56:35] === Inbox Processor Started ===
[2026-01-18 13:56:35] No items to process
[2026-01-18 13:56:35] === Inbox Processor Started ===
[2026-01-18 13:56:35] No items to process
[2026-01-18 13:58:35] === Inbox Processor Started ===
[2026-01-18 13:58:35] No items to process
[2026-01-18 13:58:35] === Inbox Processor Started ===
[2026-01-18 13:58:35] No items to process
[2026-01-18 14:00:36] === Inbox Processor Started ===
[2026-01-18 14:00:36] No items to process
[2026-01-18 14:00:36] === Inbox Processor Started ===
[2026-01-18 14:00:36] No items to process
[2026-01-18 14:02:36] === Inbox Processor Started ===
[2026-01-18 14:02:36] No items to process
[2026-01-18 14:02:36] === Inbox Processor Started ===
[2026-01-18 14:02:36] No items to process
[2026-01-18 14:04:36] === Inbox Processor Started ===
[2026-01-18 14:04:36] No items to process
[2026-01-18 14:04:36] === Inbox Processor Started ===
[2026-01-18 14:04:36] No items to process
[2026-01-18 14:06:36] === Inbox Processor Started ===
[2026-01-18 14:06:36] No items to process
[2026-01-18 14:06:36] === Inbox Processor Started ===
[2026-01-18 14:06:36] No items to process
[2026-01-18 14:08:36] === Inbox Processor Started ===
[2026-01-18 14:08:36] No items to process
[2026-01-18 14:08:36] === Inbox Processor Started ===
[2026-01-18 14:08:36] No items to process
[2026-01-18 14:10:36] === Inbox Processor Started ===
[2026-01-18 14:10:36] No items to process
[2026-01-18 14:10:36] === Inbox Processor Started ===
[2026-01-18 14:10:36] No items to process
[2026-01-18 14:12:37] === Inbox Processor Started ===
[2026-01-18 14:12:37] No items to process
[2026-01-18 14:12:37] === Inbox Processor Started ===
[2026-01-18 14:12:37] No items to process
[2026-01-18 14:14:37] === Inbox Processor Started ===
[2026-01-18 14:14:37] No items to process
[2026-01-18 14:14:37] === Inbox Processor Started ===
[2026-01-18 14:14:37] No items to process
[2026-01-18 14:16:37] === Inbox Processor Started ===
[2026-01-18 14:16:37] No items to process
[2026-01-18 14:16:37] === Inbox Processor Started ===
[2026-01-18 14:16:37] No items to process
[2026-01-18 14:18:37] === Inbox Processor Started ===
[2026-01-18 14:18:37] No items to process
[2026-01-18 14:18:37] === Inbox Processor Started ===
[2026-01-18 14:18:37] No items to process
[2026-01-18 14:20:37] === Inbox Processor Started ===
[2026-01-18 14:20:37] No items to process
[2026-01-18 14:20:37] === Inbox Processor Started ===
[2026-01-18 14:20:37] No items to process
[2026-01-18 14:22:38] === Inbox Processor Started ===
[2026-01-18 14:22:38] No items to process
[2026-01-18 14:22:38] === Inbox Processor Started ===
[2026-01-18 14:22:38] No items to process
[2026-01-18 14:24:38] === Inbox Processor Started ===
[2026-01-18 14:24:38] No items to process
[2026-01-18 14:24:38] === Inbox Processor Started ===
[2026-01-18 14:24:38] No items to process
[2026-01-18 14:26:38] === Inbox Processor Started ===
[2026-01-18 14:26:38] Found 1 item(s) to process
[2026-01-18 14:26:38] Processing: 2026-01-18-The_Engineer_→_Executive_Translation_Layer_🔀.md
[2026-01-18 14:27:33] Completed: 2026-01-18-The_Engineer_→_Executive_Translation_Layer_🔀.md
[2026-01-18 14:27:33]   Output: Done. Here's what I did:  **Processed:** "The Engineer → Executive Translation Layer" article by Anna Shipman  **Routed to:** - **knowledge/engineering-leadership-principles.md** - Appended a new sect...
[2026-01-18 14:27:33] === Inbox Processor Finished ===
[2026-01-18 14:26:38] === Inbox Processor Started ===
[2026-01-18 14:26:38] Found 1 item(s) to process
[2026-01-18 14:26:38] Processing: 2026-01-18-The_Engineer_→_Executive_Translation_Layer_🔀.md
[2026-01-18 14:27:33] Completed: 2026-01-18-The_Engineer_→_Executive_Translation_Layer_🔀.md
[2026-01-18 14:27:33]   Output: Done. Here's what I did:  **Processed:** "The Engineer → Executive Translation Layer" article by Anna Shipman  **Routed to:** - **knowledge/engineering-leadership-principles.md** - Appended a new sect...
[2026-01-18 14:27:33] === Inbox Processor Finished ===
[2026-01-18 14:29:33] === Inbox Processor Started ===
[2026-01-18 14:29:33] No items to process
[2026-01-18 14:29:33] === Inbox Processor Started ===
[2026-01-18 14:29:33] No items to process
[2026-01-18 14:31:33] === Inbox Processor Started ===
[2026-01-18 14:31:33] No items to process
[2026-01-18 14:31:33] === Inbox Processor Started ===
[2026-01-18 14:31:33] No items to process
[2026-01-18 14:33:33] === Inbox Processor Started ===
[2026-01-18 14:33:33] No items to process
[2026-01-18 14:33:33] === Inbox Processor Started ===
[2026-01-18 14:33:33] No items to process
[2026-01-18 14:35:34] === Inbox Processor Started ===
[2026-01-18 14:35:34] No items to process
[2026-01-18 14:35:34] === Inbox Processor Started ===
[2026-01-18 14:35:34] No items to process
[2026-01-18 14:37:34] === Inbox Processor Started ===
[2026-01-18 14:37:34] No items to process
[2026-01-18 14:37:34] === Inbox Processor Started ===
[2026-01-18 14:37:34] No items to process
[2026-01-18 14:39:34] === Inbox Processor Started ===
[2026-01-18 14:39:34] No items to process
[2026-01-18 14:39:34] === Inbox Processor Started ===
[2026-01-18 14:39:34] No items to process
[2026-01-18 14:41:34] === Inbox Processor Started ===
[2026-01-18 14:41:34] No items to process
[2026-01-18 14:41:34] === Inbox Processor Started ===
[2026-01-18 14:41:34] No items to process
[2026-01-18 14:43:34] === Inbox Processor Started ===
[2026-01-18 14:43:34] No items to process
[2026-01-18 14:43:34] === Inbox Processor Started ===
[2026-01-18 14:43:34] No items to process
[2026-01-18 14:45:34] === Inbox Processor Started ===
[2026-01-18 14:45:34] No items to process
[2026-01-18 14:45:34] === Inbox Processor Started ===
[2026-01-18 14:45:34] No items to process
[2026-01-18 14:47:34] === Inbox Processor Started ===
[2026-01-18 14:47:34] No items to process
[2026-01-18 14:47:34] === Inbox Processor Started ===
[2026-01-18 14:47:34] No items to process
